<?xml version="1.0" encoding="UTF-8"?>
<testsuite xmlns:xsi="http://www.w3.org/2001/XMLSchema-instance" xsi:noNamespaceSchemaLocation="https://maven.apache.org/surefire/maven-surefire-plugin/xsd/surefire-test-report-3.0.xsd" version="3.0" name="com.testing.api.runner.TestRunner" time="22.046" tests="4" errors="0" skipped="0" failures="1">
  <properties>
[...]
</properties>
  <testcase name="Change the phone number of the first Client named Laura" classname="Client testing CRUD" time="11.058">
    <system-out><![CDATA[13-09-2024 20:02:00 INFO [api.stepDefinitions.Hooks:16] - *****************************************************************************************
13-09-2024 20:02:00 INFO [api.stepDefinitions.Hooks:17] - 	Scenario: Change the phone number of the first Client named Laura
13-09-2024 20:02:00 INFO [api.stepDefinitions.Hooks:18] - *****************************************************************************************
13-09-2024 20:02:04 INFO [api.stepDefinitions.ClientSteps:47] - Created client: Client(name=Mirta, lastName=Brown, country=Dominican Republic, city=Lake Coy, email=hugo.bradtke@hotmail.com, phone=611-294-1131 x1033, id=554-75-9363)
13-09-2024 20:02:04 INFO [api.stepDefinitions.ClientSteps:47] - Created client: Client(name=Augustus, lastName=Cummerata, country=Turkmenistan, city=North Jasper, email=brendon.conn@gmail.com, phone=(967) 081-8483 x18408, id=598-70-6724)
13-09-2024 20:02:04 INFO [api.stepDefinitions.ClientSteps:47] - Created client: Client(name=Broderick, lastName=Barton, country=Israel, city=West Myrtiemouth, email=mellie.littel@hotmail.com, phone=(350) 580-6191, id=705-70-9266)
13-09-2024 20:02:05 INFO [api.stepDefinitions.ClientSteps:47] - Created client: Client(name=Demarcus, lastName=Emard, country=Montserrat, city=Lake Karly, email=gordon.cassin@yahoo.com, phone=501.890.4950 x0487, id=005-41-8337)
13-09-2024 20:02:05 INFO [api.stepDefinitions.ClientSteps:47] - Created client: Client(name=Rob, lastName=Osinski, country=Syrian Arab Republic, city=Migueltown, email=matt.schumm@hotmail.com, phone=085-588-6815 x92651, id=040-41-7447)
13-09-2024 20:02:05 INFO [api.stepDefinitions.ClientSteps:47] - Created client: Client(name=Arthur, lastName=Sauer, country=Switzerland, city=Haichester, email=theresa.deckow@yahoo.com, phone=1-086-420-9166, id=835-27-4306)
13-09-2024 20:02:05 INFO [api.stepDefinitions.ClientSteps:47] - Created client: Client(name=Duncan, lastName=Stiedemann, country=Anguilla, city=Augustabury, email=rufus.kshlerin@yahoo.com, phone=(090) 543-6531 x388, id=820-91-6325)
13-09-2024 20:02:06 INFO [api.stepDefinitions.ClientSteps:47] - Created client: Client(name=Thomas, lastName=Wiza, country=British Indian Ocean Territory (Chagos Archipelago), city=Alyceview, email=tambra.auer@hotmail.com, phone=1-572-973-3620 x0474, id=265-27-0962)
13-09-2024 20:02:06 INFO [api.stepDefinitions.ClientSteps:47] - Created client: Client(name=Tawnya, lastName=Lebsack, country=Greece, city=West Lindy, email=dominque.bartell@gmail.com, phone=1-846-147-5288 x30122, id=131-99-6235)
13-09-2024 20:02:06 INFO [api.stepDefinitions.ClientSteps:47] - Created client: Client(name=Mora, lastName=Greenfelder, country=Martinique, city=Justinland, email=marylou.gleason@yahoo.com, phone=1-323-222-3544, id=383-59-5118)
13-09-2024 20:02:07 INFO [api.stepDefinitions.ClientSteps:155] - [
    {
        "name": "Mirta",
        "lastName": "Brown",
        "country": "Dominican Republic",
        "city": "Lake Coy",
        "email": "hugo.bradtke@hotmail.com",
        "phone": "611-294-1131 x1033",
        "id": "1"
    },
    {
        "name": "Augustus",
        "lastName": "Cummerata",
        "country": "Turkmenistan",
        "city": "North Jasper",
        "email": "brendon.conn@gmail.com",
        "phone": "(967) 081-8483 x18408",
        "id": "2"
    },
    {
        "name": "Broderick",
        "lastName": "Barton",
        "country": "Israel",
        "city": "West Myrtiemouth",
        "email": "mellie.littel@hotmail.com",
        "phone": "(350) 580-6191",
        "id": "3"
    },
    {
        "name": "Demarcus",
        "lastName": "Emard",
        "country": "Montserrat",
        "city": "Lake Karly",
        "email": "gordon.cassin@yahoo.com",
        "phone": "501.890.4950 x0487",
        "id": "4"
    },
    {
        "name": "Rob",
        "lastName": "Osinski",
        "country": "Syrian Arab Republic",
        "city": "Migueltown",
        "email": "matt.schumm@hotmail.com",
        "phone": "085-588-6815 x92651",
        "id": "5"
    },
    {
        "name": "Arthur",
        "lastName": "Sauer",
        "country": "Switzerland",
        "city": "Haichester",
        "email": "theresa.deckow@yahoo.com",
        "phone": "1-086-420-9166",
        "id": "6"
    },
    {
        "name": "Duncan",
        "lastName": "Stiedemann",
        "country": "Anguilla",
        "city": "Augustabury",
        "email": "rufus.kshlerin@yahoo.com",
        "phone": "(090) 543-6531 x388",
        "id": "7"
    },
    {
        "name": "Thomas",
        "lastName": "Wiza",
        "country": "British Indian Ocean Territory (Chagos Archipelago)",
        "city": "Alyceview",
        "email": "tambra.auer@hotmail.com",
        "phone": "1-572-973-3620 x0474",
        "id": "8"
    },
    {
        "name": "Tawnya",
        "lastName": "Lebsack",
        "country": "Greece",
        "city": "West Lindy",
        "email": "dominque.bartell@gmail.com",
        "phone": "1-846-147-5288 x30122",
        "id": "9"
    },
    {
        "name": "Mora",
        "lastName": "Greenfelder",
        "country": "Martinique",
        "city": "Justinland",
        "email": "marylou.gleason@yahoo.com",
        "phone": "1-323-222-3544",
        "id": "10"
    }
]
13-09-2024 20:02:07 INFO [api.stepDefinitions.ClientSteps:189] - Updated client: Client(name=Laura, lastName=Smith, country=USA, city=New York, email=laura.smith@example.com, phone=555-987-6543, id=null)
13-09-2024 20:02:08 INFO [api.stepDefinitions.ClientSteps:138] - Successfully Validated schema from Client object
13-09-2024 20:02:08 INFO [api.stepDefinitions.ClientSteps:75] - Client(name=Mirta, lastName=Brown, country=Dominican Republic, city=Lake Coy, email=hugo.bradtke@hotmail.com, phone=611-294-1131 x1033, id=1)
13-09-2024 20:02:08 INFO [api.stepDefinitions.ClientSteps:75] - Client(name=Augustus, lastName=Cummerata, country=Turkmenistan, city=North Jasper, email=brendon.conn@gmail.com, phone=(967) 081-8483 x18408, id=2)
13-09-2024 20:02:08 INFO [api.stepDefinitions.ClientSteps:75] - Client(name=Broderick, lastName=Barton, country=Israel, city=West Myrtiemouth, email=mellie.littel@hotmail.com, phone=(350) 580-6191, id=3)
13-09-2024 20:02:08 INFO [api.stepDefinitions.ClientSteps:75] - Client(name=Demarcus, lastName=Emard, country=Montserrat, city=Lake Karly, email=gordon.cassin@yahoo.com, phone=501.890.4950 x0487, id=4)
13-09-2024 20:02:08 INFO [api.stepDefinitions.ClientSteps:75] - Client(name=Rob, lastName=Osinski, country=Syrian Arab Republic, city=Migueltown, email=matt.schumm@hotmail.com, phone=085-588-6815 x92651, id=5)
13-09-2024 20:02:08 INFO [api.stepDefinitions.ClientSteps:75] - Client(name=Arthur, lastName=Sauer, country=Switzerland, city=Haichester, email=theresa.deckow@yahoo.com, phone=1-086-420-9166, id=6)
13-09-2024 20:02:08 INFO [api.stepDefinitions.ClientSteps:75] - Client(name=Duncan, lastName=Stiedemann, country=Anguilla, city=Augustabury, email=rufus.kshlerin@yahoo.com, phone=(090) 543-6531 x388, id=7)
13-09-2024 20:02:08 INFO [api.stepDefinitions.ClientSteps:75] - Client(name=Thomas, lastName=Wiza, country=British Indian Ocean Territory (Chagos Archipelago), city=Alyceview, email=tambra.auer@hotmail.com, phone=1-572-973-3620 x0474, id=8)
13-09-2024 20:02:08 INFO [api.stepDefinitions.ClientSteps:75] - Client(name=Tawnya, lastName=Lebsack, country=Greece, city=West Lindy, email=dominque.bartell@gmail.com, phone=1-846-147-5288 x30122, id=9)
13-09-2024 20:02:08 INFO [api.stepDefinitions.ClientSteps:75] - Client(name=Mora, lastName=Greenfelder, country=Martinique, city=Justinland, email=marylou.gleason@yahoo.com, phone=1-323-222-3544, id=10)
13-09-2024 20:02:08 INFO [api.stepDefinitions.ClientSteps:75] - Client(name=Laura, lastName=Smith, country=USA, city=New York, email=laura.smith@example.com, phone=555-987-6543, id=11)
13-09-2024 20:02:08 INFO [api.stepDefinitions.ClientSteps:204] - Deleted client with ID: 1
13-09-2024 20:02:08 INFO [api.stepDefinitions.ClientSteps:204] - Deleted client with ID: 2
13-09-2024 20:02:09 INFO [api.stepDefinitions.ClientSteps:204] - Deleted client with ID: 3
13-09-2024 20:02:09 INFO [api.stepDefinitions.ClientSteps:204] - Deleted client with ID: 4
13-09-2024 20:02:09 INFO [api.stepDefinitions.ClientSteps:204] - Deleted client with ID: 5
13-09-2024 20:02:09 INFO [api.stepDefinitions.ClientSteps:204] - Deleted client with ID: 6
13-09-2024 20:02:10 INFO [api.stepDefinitions.ClientSteps:204] - Deleted client with ID: 7
13-09-2024 20:02:10 INFO [api.stepDefinitions.ClientSteps:204] - Deleted client with ID: 8
13-09-2024 20:02:10 INFO [api.stepDefinitions.ClientSteps:204] - Deleted client with ID: 9
13-09-2024 20:02:10 INFO [api.stepDefinitions.ClientSteps:204] - Deleted client with ID: 10
13-09-2024 20:02:11 INFO [api.stepDefinitions.ClientSteps:204] - Deleted client with ID: 11
13-09-2024 20:02:11 INFO [api.stepDefinitions.Hooks:24] - *****************************************************************************************
13-09-2024 20:02:11 INFO [api.stepDefinitions.Hooks:25] - 	Scenario finished: Change the phone number of the first Client named Laura
13-09-2024 20:02:11 INFO [api.stepDefinitions.Hooks:26] - *****************************************************************************************
]]></system-out>
  </testcase>
  <testcase name="Update and delete a New Client" classname="Client testing CRUD" time="1.597">
    <system-out><![CDATA[13-09-2024 20:02:11 INFO [api.stepDefinitions.Hooks:16] - *****************************************************************************************
13-09-2024 20:02:11 INFO [api.stepDefinitions.Hooks:17] - 	Scenario: Update and delete a New Client
13-09-2024 20:02:11 INFO [api.stepDefinitions.Hooks:18] - *****************************************************************************************
13-09-2024 20:02:11 INFO [api.stepDefinitions.ClientSteps:47] - Created client: Client(name=Debi, lastName=Cronin, country=Zambia, city=New Hope, email=johnson.luettgen@hotmail.com, phone=(296) 662-8214 x058, id=313-14-1378)
13-09-2024 20:02:11 INFO [api.stepDefinitions.ClientSteps:155] - [
    {
        "name": "Debi",
        "lastName": "Cronin",
        "country": "Zambia",
        "city": "New Hope",
        "email": "johnson.luettgen@hotmail.com",
        "phone": "(296) 662-8214 x058",
        "id": "1"
    }
]
13-09-2024 20:02:12 INFO [api.stepDefinitions.ClientSteps:189] - Updated client: Client(name=Manuel, lastName=Muñoz, country=Colombia, city=Bogota, email=mf.munoz@globant.com, phone=999-543-1298, id=null)
13-09-2024 20:02:12 INFO [api.stepDefinitions.ClientSteps:138] - Successfully Validated schema from Client object
13-09-2024 20:02:12 INFO [api.stepDefinitions.ClientSteps:75] - Client(name=Manuel, lastName=Muñoz, country=Colombia, city=Bogota, email=mf.munoz@globant.com, phone=999-543-1298, id=1)
13-09-2024 20:02:12 INFO [api.stepDefinitions.ClientSteps:204] - Deleted client with ID: 1
13-09-2024 20:02:12 INFO [api.stepDefinitions.Hooks:24] - *****************************************************************************************
13-09-2024 20:02:12 INFO [api.stepDefinitions.Hooks:25] - 	Scenario finished: Update and delete a New Client
13-09-2024 20:02:12 INFO [api.stepDefinitions.Hooks:26] - *****************************************************************************************
]]></system-out>
  </testcase>
  <testcase name="Get the list of active resources" classname="Resource testing CRUD" time="4.739">
    <system-out><![CDATA[13-09-2024 20:02:12 INFO [api.stepDefinitions.Hooks:16] - *****************************************************************************************
13-09-2024 20:02:12 INFO [api.stepDefinitions.Hooks:17] - 	Scenario: Get the list of active resources
13-09-2024 20:02:12 INFO [api.stepDefinitions.Hooks:18] - *****************************************************************************************
13-09-2024 20:02:13 INFO [api.stepDefinitions.ResourceSteps:46] - Created resource: Resource(name=Incredible Copper Watch, trademark=Wisoky-Homenick, stock=18098, price=183.85, description=Enim quidem beatae sunt cupiditate doloribus., tags=[ducimus, eum, facilis], active=true, id=449-22-2707)
13-09-2024 20:02:13 INFO [api.stepDefinitions.ResourceSteps:46] - Created resource: Resource(name=Synergistic Linen Knife, trademark=Hahn, Barton and Runolfsdottir, stock=66319, price=519.34, description=Et blanditiis quasi quos repellendus iure., tags=[dolor, earum, ut], active=true, id=312-06-4984)
13-09-2024 20:02:13 INFO [api.stepDefinitions.ResourceSteps:46] - Created resource: Resource(name=Ergonomic Plastic Watch, trademark=Muller Inc, stock=22198, price=846.16, description=Omnis et similique consequuntur et molestias aut rerum., tags=[et, ut, nostrum], active=true, id=509-24-5036)
13-09-2024 20:02:13 INFO [api.stepDefinitions.ResourceSteps:46] - Created resource: Resource(name=Awesome Granite Bench, trademark=Berge and Sons, stock=42660, price=306.6, description=Natus quo eum eos., tags=[cumque, doloremque, amet], active=true, id=794-68-4998)
13-09-2024 20:02:14 INFO [api.stepDefinitions.ResourceSteps:46] - Created resource: Resource(name=Awesome Bronze Bag, trademark=Schiller, Mosciski and Langosh, stock=27326, price=551.93, description=Sit qui minus aliquam voluptas est., tags=[nostrum, eos, non], active=true, id=616-61-9544)
13-09-2024 20:02:14 INFO [api.stepDefinitions.ResourceSteps:63] - Active Resources: [Resource(name=Incredible Copper Watch, trademark=Wisoky-Homenick, stock=18098, price=183.85, description=Enim quidem beatae sunt cupiditate doloribus., tags=[ducimus, eum, facilis], active=true, id=1), Resource(name=Synergistic Linen Knife, trademark=Hahn, Barton and Runolfsdottir, stock=66319, price=519.34, description=Et blanditiis quasi quos repellendus iure., tags=[dolor, earum, ut], active=true, id=2), Resource(name=Ergonomic Plastic Watch, trademark=Muller Inc, stock=22198, price=846.16, description=Omnis et similique consequuntur et molestias aut rerum., tags=[et, ut, nostrum], active=true, id=3), Resource(name=Awesome Granite Bench, trademark=Berge and Sons, stock=42660, price=306.6, description=Natus quo eum eos., tags=[cumque, doloremque, amet], active=true, id=4), Resource(name=Awesome Bronze Bag, trademark=Schiller, Mosciski and Langosh, stock=27326, price=551.93, description=Sit qui minus aliquam voluptas est., tags=[nostrum, eos, non], active=true, id=5)]
13-09-2024 20:02:14 INFO [api.stepDefinitions.ResourceSteps:137] - Updated resource to inactive: Resource(name=Incredible Copper Watch, trademark=Wisoky-Homenick, stock=18098, price=183.85, description=Enim quidem beatae sunt cupiditate doloribus., tags=[ducimus, eum, facilis], active=false, id=1)
13-09-2024 20:02:14 INFO [api.stepDefinitions.ResourceSteps:140] - Successfully Validated schema from Resource object
13-09-2024 20:02:15 INFO [api.stepDefinitions.ResourceSteps:137] - Updated resource to inactive: Resource(name=Synergistic Linen Knife, trademark=Hahn, Barton and Runolfsdottir, stock=66319, price=519.34, description=Et blanditiis quasi quos repellendus iure., tags=[dolor, earum, ut], active=false, id=2)
13-09-2024 20:02:15 INFO [api.stepDefinitions.ResourceSteps:140] - Successfully Validated schema from Resource object
13-09-2024 20:02:15 INFO [api.stepDefinitions.ResourceSteps:137] - Updated resource to inactive: Resource(name=Ergonomic Plastic Watch, trademark=Muller Inc, stock=22198, price=846.16, description=Omnis et similique consequuntur et molestias aut rerum., tags=[et, ut, nostrum], active=false, id=3)
13-09-2024 20:02:15 INFO [api.stepDefinitions.ResourceSteps:140] - Successfully Validated schema from Resource object
13-09-2024 20:02:15 INFO [api.stepDefinitions.ResourceSteps:137] - Updated resource to inactive: Resource(name=Awesome Granite Bench, trademark=Berge and Sons, stock=42660, price=306.6, description=Natus quo eum eos., tags=[cumque, doloremque, amet], active=false, id=4)
13-09-2024 20:02:15 INFO [api.stepDefinitions.ResourceSteps:140] - Successfully Validated schema from Resource object
13-09-2024 20:02:15 INFO [api.stepDefinitions.ResourceSteps:137] - Updated resource to inactive: Resource(name=Awesome Bronze Bag, trademark=Schiller, Mosciski and Langosh, stock=27326, price=551.93, description=Sit qui minus aliquam voluptas est., tags=[nostrum, eos, non], active=false, id=5)
13-09-2024 20:02:15 INFO [api.stepDefinitions.ResourceSteps:140] - Successfully Validated schema from Resource object
13-09-2024 20:02:16 INFO [api.stepDefinitions.ResourceSteps:75] - Resource(name=Incredible Copper Watch, trademark=Wisoky-Homenick, stock=18098, price=183.85, description=Enim quidem beatae sunt cupiditate doloribus., tags=[ducimus, eum, facilis], active=false, id=1)
13-09-2024 20:02:16 INFO [api.stepDefinitions.ResourceSteps:75] - Resource(name=Synergistic Linen Knife, trademark=Hahn, Barton and Runolfsdottir, stock=66319, price=519.34, description=Et blanditiis quasi quos repellendus iure., tags=[dolor, earum, ut], active=false, id=2)
13-09-2024 20:02:16 INFO [api.stepDefinitions.ResourceSteps:75] - Resource(name=Ergonomic Plastic Watch, trademark=Muller Inc, stock=22198, price=846.16, description=Omnis et similique consequuntur et molestias aut rerum., tags=[et, ut, nostrum], active=false, id=3)
13-09-2024 20:02:16 INFO [api.stepDefinitions.ResourceSteps:75] - Resource(name=Awesome Granite Bench, trademark=Berge and Sons, stock=42660, price=306.6, description=Natus quo eum eos., tags=[cumque, doloremque, amet], active=false, id=4)
13-09-2024 20:02:16 INFO [api.stepDefinitions.ResourceSteps:75] - Resource(name=Awesome Bronze Bag, trademark=Schiller, Mosciski and Langosh, stock=27326, price=551.93, description=Sit qui minus aliquam voluptas est., tags=[nostrum, eos, non], active=false, id=5)
13-09-2024 20:02:16 INFO [api.stepDefinitions.ResourceSteps:118] - Deleted resource with ID: 1
13-09-2024 20:02:16 INFO [api.stepDefinitions.ResourceSteps:118] - Deleted resource with ID: 2
13-09-2024 20:02:16 INFO [api.stepDefinitions.ResourceSteps:118] - Deleted resource with ID: 3
13-09-2024 20:02:17 INFO [api.stepDefinitions.ResourceSteps:118] - Deleted resource with ID: 4
13-09-2024 20:02:17 INFO [api.stepDefinitions.ResourceSteps:118] - Deleted resource with ID: 5
13-09-2024 20:02:17 INFO [api.stepDefinitions.Hooks:24] - *****************************************************************************************
13-09-2024 20:02:17 INFO [api.stepDefinitions.Hooks:25] - 	Scenario finished: Get the list of active resources
13-09-2024 20:02:17 INFO [api.stepDefinitions.Hooks:26] - *****************************************************************************************
]]></system-out>
  </testcase>
  <testcase name="Update the last created resource" classname="Resource testing CRUD" time="4.422">
    <failure message="expected:&lt;200&gt; but was:&lt;429&gt;" type="java.lang.AssertionError"><![CDATA[java.lang.AssertionError: expected:<200> but was:<429>
	at com.testing.api.stepDefinitions.ResourceSteps.theResourceResponseShouldHaveAStatusCodeOf(ResourceSteps.java:93)
	at ✽.the resource response should have a status code of 200(file:///C:/Users/santiago.arenas/Downloads/assuredApi/assuredApi/src/test/resources/features/resource_testing_crud.feature:16)
]]></failure>
    <system-out><![CDATA[13-09-2024 20:02:17 INFO [api.stepDefinitions.Hooks:16] - *****************************************************************************************
13-09-2024 20:02:17 INFO [api.stepDefinitions.Hooks:17] - 	Scenario: Update the last created resource
13-09-2024 20:02:17 INFO [api.stepDefinitions.Hooks:18] - *****************************************************************************************
13-09-2024 20:02:17 INFO [api.stepDefinitions.ResourceSteps:46] - Created resource: Resource(name=Aerodynamic Steel Computer, trademark=Schiller and Sons, stock=67763, price=303.65, description=Officia voluptas autem doloribus velit maxime., tags=[blanditiis, porro, nemo], active=true, id=215-16-1769)
13-09-2024 20:02:18 INFO [api.stepDefinitions.ResourceSteps:46] - Created resource: Resource(name=Small Steel Bag, trademark=Flatley Inc, stock=66222, price=213.59, description=Voluptas doloribus minus blanditiis aut., tags=[unde, dignissimos, consequuntur], active=true, id=110-89-1884)
13-09-2024 20:02:18 INFO [api.stepDefinitions.ResourceSteps:46] - Created resource: Resource(name=Rustic Granite Gloves, trademark=Herzog-Sawayn, stock=33767, price=430.0, description=Mollitia consectetur cumque ut dolores., tags=[doloremque, qui, dolores], active=true, id=317-14-7826)
13-09-2024 20:02:18 INFO [api.stepDefinitions.ResourceSteps:46] - Created resource: Resource(name=Durable Copper Plate, trademark=Hintz LLC, stock=65525, price=735.79, description=In et ut illo exercitationem officia placeat rerum., tags=[soluta, consequatur, aut], active=true, id=201-45-3472)
13-09-2024 20:02:18 INFO [api.stepDefinitions.ResourceSteps:46] - Created resource: Resource(name=Incredible Paper Gloves, trademark=Ziemann-Lubowitz, stock=22126, price=95.93, description=A est nulla rerum neque labore repudiandae soluta., tags=[esse, ipsum, in], active=true, id=202-06-5226)
13-09-2024 20:02:19 INFO [api.stepDefinitions.ResourceSteps:46] - Created resource: Resource(name=Aerodynamic Marble Keyboard, trademark=Botsford Inc, stock=85248, price=776.06, description=Numquam itaque enim., tags=[molestias, libero, et], active=true, id=311-96-6457)
13-09-2024 20:02:19 INFO [api.stepDefinitions.ResourceSteps:46] - Created resource: Resource(name=Small Copper Plate, trademark=Beahan-Kuphal, stock=12698, price=348.03, description=Sunt id voluptas., tags=[quae, repudiandae, quod], active=true, id=499-01-1976)
13-09-2024 20:02:19 INFO [api.stepDefinitions.ResourceSteps:46] - Created resource: Resource(name=Lightweight Bronze Bag, trademark=Zemlak, Jerde and Windler, stock=56318, price=739.53, description=Nisi ipsam sit et itaque., tags=[quidem, omnis, rem], active=true, id=545-39-5216)
13-09-2024 20:02:19 INFO [api.stepDefinitions.ResourceSteps:46] - Created resource: Resource(name=Intelligent Concrete Computer, trademark=Hauck Inc, stock=61192, price=255.4, description=Velit quo magni facere magni sapiente., tags=[blanditiis, et, iste], active=true, id=640-32-3226)
13-09-2024 20:02:20 INFO [api.stepDefinitions.ResourceSteps:46] - Created resource: Resource(name=Incredible Steel Table, trademark=Koss, Torphy and Bashirian, stock=62931, price=575.78, description=Perspiciatis eos voluptates et suscipit., tags=[aut, dolorum, sint], active=true, id=309-64-7765)
13-09-2024 20:02:20 INFO [api.stepDefinitions.ResourceSteps:46] - Created resource: Resource(name=Rustic Iron Keyboard, trademark=Reilly, Franecki and Koch, stock=95672, price=684.71, description=Dicta et quam sint occaecati., tags=[rerum, et, sit], active=true, id=319-51-0554)
13-09-2024 20:02:20 INFO [api.stepDefinitions.ResourceSteps:46] - Created resource: Resource(name=Awesome Steel Plate, trademark=Luettgen-Flatley, stock=20635, price=454.79, description=Consequuntur ut alias consectetur non., tags=[ut, neque, voluptatem], active=true, id=399-15-8141)
13-09-2024 20:02:20 INFO [api.stepDefinitions.ResourceSteps:46] - Created resource: Resource(name=Synergistic Rubber Table, trademark=Anderson and Sons, stock=65529, price=840.04, description=Non omnis molestiae rerum omnis., tags=[omnis, error, sed], active=true, id=102-74-5376)
13-09-2024 20:02:20 INFO [api.stepDefinitions.ResourceSteps:46] - Created resource: Resource(name=Lightweight Copper Car, trademark=Dare and Sons, stock=81304, price=597.37, description=Totam rerum repudiandae consequuntur qui., tags=[incidunt, dolore, exercitationem], active=true, id=651-39-9777)
13-09-2024 20:02:21 INFO [api.stepDefinitions.ResourceSteps:46] - Created resource: Resource(name=Small Copper Bench, trademark=Keebler-Beatty, stock=17426, price=360.89, description=Quae voluptas quis autem dicta., tags=[voluptatem, qui, deserunt], active=true, id=504-30-0872)
13-09-2024 20:02:21 INFO [api.stepDefinitions.ResourceSteps:154] - Latest resource found: Resource(name=Small Copper Bench, trademark=Keebler-Beatty, stock=17426, price=360.89, description=Quae voluptas quis autem dicta., tags=[voluptatem, qui, deserunt], active=true, id=15)
13-09-2024 20:02:21 INFO [api.stepDefinitions.ResourceSteps:173] - Updated resource: Resource(name=Computer, trademark=Globant, stock=55, price=200.05, description=New Computer, tags=computer, PC, tech, coding, active=false, id=15)
13-09-2024 20:02:21 INFO [api.stepDefinitions.Hooks:24] - *****************************************************************************************
13-09-2024 20:02:21 INFO [api.stepDefinitions.Hooks:25] - 	Scenario finished: Update the last created resource
13-09-2024 20:02:21 INFO [api.stepDefinitions.Hooks:26] - *****************************************************************************************
]]></system-out>
  </testcase>
</testsuite>